<?xml version="1.0" encoding="UTF-8"?>
<!-- Generated by org.testng.reporters.JUnitReportReporter -->
<testsuite hostname="APEKSHA" name="abc.NewTest" tests="1" failures="0" timestamp="4 Aug 2020 14:14:57 GMT" time="9.504" errors="0">
  <testcase name="verifySearchButton" time="9.504" classname="abc.NewTest"/>
</testsuite> <!-- abc.NewTest -->
